21:22:34: Creating resource group General
21:22:34: Creating resource group Internal
21:22:34: Creating resource group Autodetect
21:22:34: Registering ResourceManager for type Mesh
21:22:34: Registering ResourceManager for type Material
21:22:34: Registering ResourceManager for type Skeleton
21:22:34: Skeleton: Loading ninja.skeleton
21:22:34: OGRE EXCEPTION(6:FileNotFoundException): Cannot locate resource ninja.skeleton in resource group General or any other group. in ResourceGroupManager::openResource at D:\Work\Source\OGRE\OgreMain\src\OgreResourceGroupManager.cpp (line 756)
21:22:34: Unable to load skeleton ninja.skeleton for Mesh conversion. This Mesh will not be animated. You can ignore this message if you are using an offline tool.
21:22:34: XMLMeshSerializer writing mesh data to D:\z-Autres\Programmation\Cours\C++\Ogre\media\models\ninja.mesh.xml...
21:22:34: Populating DOM...
21:22:34: Writing submesh...
21:22:34: Exporting dedicated geometry bone assignments...
21:22:34: Dedicated geometry bone assignments exported.
21:22:34: Submesh exported.
21:22:34: Writing submesh...
21:22:34: Exporting dedicated geometry bone assignments...
21:22:34: Dedicated geometry bone assignments exported.
21:22:34: Submesh exported.
21:22:34: Exporting skeleton link...
21:22:34: Skeleton link exported.
21:22:34: DOM populated, writing XML file..
21:22:34: XMLMeshSerializer export successful.
21:22:34: Unregistering ResourceManager for type Skeleton
21:22:34: Unregistering ResourceManager for type Material
21:22:34: Unregistering ResourceManager for type Mesh
