  Building Custom Rule D:/z-Autres/Programmation/Sinah/SINAH/Librairies/Bullet/src/BulletDynamics/CMakeLists.txt
  CMake does not need to re-run because D:\z-Autres\Programmation\Sinah\SINAH\Librairies\Bullet\mon-build-dynamique\src\BulletDynamics\CMakeFiles\generate.stamp is up-to-date.
  btKinematicCharacterController.cpp
  btConeTwistConstraint.cpp
D:\z-Autres\Programmation\Sinah\SINAH\Librairies\Bullet\src\BulletDynamics\ConstraintSolver\btConeTwistConstraint.cpp(868): warning C4244: '=' : conversion de 'double' en 'btScalar', perte possible de données
D:\z-Autres\Programmation\Sinah\SINAH\Librairies\Bullet\src\BulletDynamics\ConstraintSolver\btConeTwistConstraint.cpp(913): warning C4244: '=' : conversion de 'double' en 'float', perte possible de données
D:\z-Autres\Programmation\Sinah\SINAH\Librairies\Bullet\src\BulletDynamics\ConstraintSolver\btConeTwistConstraint.cpp(973): warning C4244: '=' : conversion de 'double' en 'btScalar', perte possible de données
D:\z-Autres\Programmation\Sinah\SINAH\Librairies\Bullet\src\BulletDynamics\ConstraintSolver\btConeTwistConstraint.cpp(975): warning C4244: '=' : conversion de 'double' en 'btScalar', perte possible de données
  btContactConstraint.cpp
d:\z-autres\programmation\sinah\sinah\librairies\bullet\src\bulletdynamics\constraintsolver\btContactConstraint.h(25): warning C4359: 'btContactConstraint' : le spécificateur d'alignement est inférieur à l'alignement réel (128) et sera ignoré.
  btFixedConstraint.cpp
  btGearConstraint.cpp
  btGeneric6DofConstraint.cpp
  btGeneric6DofSpringConstraint.cpp
  btGeneric6DofSpring2Constraint.cpp
D:\z-Autres\Programmation\Sinah\SINAH\Librairies\Bullet\src\BulletDynamics\ConstraintSolver\btGeneric6DofSpring2Constraint.cpp(786): warning C4244: 'initialisation' : conversion de 'double' en 'btScalar', perte possible de données
  btHinge2Constraint.cpp
  btHingeConstraint.cpp
  btPoint2PointConstraint.cpp
  btSequentialImpulseConstraintSolver.cpp
  btNNCGConstraintSolver.cpp
  btSliderConstraint.cpp
  btSolve2LinearConstraint.cpp
  btTypedConstraint.cpp
  btUniversalConstraint.cpp
  btDiscreteDynamicsWorld.cpp
D:\z-Autres\Programmation\Sinah\SINAH\Librairies\Bullet\src\BulletDynamics/ConstraintSolver/btContactConstraint.h(25): warning C4359: 'btContactConstraint' : le spécificateur d'alignement est inférieur à l'alignement réel (128) et sera ignoré.
  btRigidBody.cpp
  btSimpleDynamicsWorld.cpp
  Génération de code en cours...
  Compilation en cours...
  btRaycastVehicle.cpp
D:\z-Autres\Programmation\Sinah\SINAH\Librairies\Bullet\src\BulletDynamics/ConstraintSolver/btContactConstraint.h(25): warning C4359: 'btContactConstraint' : le spécificateur d'alignement est inférieur à l'alignement réel (128) et sera ignoré.
  btWheelInfo.cpp
  btMultiBody.cpp
  btMultiBodyConstraintSolver.cpp
  btMultiBodyDynamicsWorld.cpp
  btMultiBodyJointLimitConstraint.cpp
D:\z-Autres\Programmation\Sinah\SINAH\Librairies\Bullet\src\BulletDynamics\Featherstone\btMultiBodyJointLimitConstraint.cpp(114): warning C4244: 'initialisation' : conversion de 'int' en 'btScalar', perte possible de données
  btMultiBodyConstraint.cpp
  btMultiBodyPoint2Point.cpp
  btMultiBodyJointMotor.cpp
  btDantzigLCP.cpp
  btMLCPSolver.cpp
  btLemkeAlgorithm.cpp
  Génération de code en cours...
  BulletDynamics.vcxproj -> D:\z-Autres\Programmation\Sinah\SINAH\Librairies\Bullet\mon-build-dynamique\lib\Release\BulletDynamics.lib
