12:26:15: Creating resource group General
12:26:15: Creating resource group Internal
12:26:15: Creating resource group Autodetect
12:26:15: SceneManagerFactory for type 'DefaultSceneManager' registered.
12:26:15: Registering ResourceManager for type Material
12:26:15: Registering ResourceManager for type Mesh
12:26:15: Registering ResourceManager for type Skeleton
12:26:15: MovableObjectFactory for type 'ParticleSystem' registered.
12:26:15: ArchiveFactory for archive type FileSystem registered.
12:26:15: ArchiveFactory for archive type Zip registered.
12:26:15: ArchiveFactory for archive type EmbeddedZip registered.
12:26:15: DDS codec registering
12:26:15: FreeImage version: 3.18.0
12:26:15: This program uses FreeImage, a free, open source image library supporting all common bitmap formats. See http://freeimage.sourceforge.net for details
12:26:15: Supported formats: bmp,ico,jpg,jif,jpeg,jpe,jng,koa,iff,lbm,mng,pbm,pbm,pcd,pcx,pgm,pgm,png,ppm,ppm,ras,tga,targa,tif,tiff,wap,wbmp,wbm,psd,psb,cut,xbm,xpm,gif,hdr,g3,sgi,rgb,rgba,bw,exr,j2k,j2c,jp2,pfm,pct,pict,pic,3fr,arw,bay,bmq,cap,cine,cr2,crw,cs1,dc2,dcr,drf,dsc,dng,erf,fff,ia,iiq,k25,kc2,kdc,mdc,mef,mos,mrw,nef,nrw,orf,pef,ptx,pxn,qtk,raf,raw,rdc,rw2,rwl,rwz,sr2,srf,srw,sti,x3f,webp,jxr,wdp,hdp
12:26:15: ETC codec registering
12:26:15: Registering ResourceManager for type HighLevelGpuProgram
12:26:15: Registering ResourceManager for type Compositor
12:26:15: MovableObjectFactory for type 'Entity' registered.
12:26:15: MovableObjectFactory for type 'Light' registered.
12:26:15: MovableObjectFactory for type 'BillboardSet' registered.
12:26:15: MovableObjectFactory for type 'ManualObject' registered.
12:26:15: MovableObjectFactory for type 'BillboardChain' registered.
12:26:15: MovableObjectFactory for type 'RibbonTrail' registered.
12:26:15: OGRE EXCEPTION(6:FileNotFoundException): 'plugins_d.cfg' file not found! in ConfigFile::load at D:\Work\Source\OGRE\OgreMain\src\OgreConfigFile.cpp (line 82)
12:26:15: plugins_d.cfg not found, automatic plugin loading disabled.
12:26:15: *-*-* OGRE Initialising
12:26:15: *-*-* Version 1.9.0 (Ghadamon)
12:26:15: OGRE EXCEPTION(6:FileNotFoundException): 'resources_d.cfg' file not found! in ConfigFile::load at D:\Work\Source\OGRE\OgreMain\src\OgreConfigFile.cpp (line 82)
12:26:23: *-*-* OGRE Shutdown
12:26:23: Unregistering ResourceManager for type Compositor
12:26:23: Unregistering ResourceManager for type Skeleton
12:26:23: Unregistering ResourceManager for type Mesh
12:26:23: Unregistering ResourceManager for type HighLevelGpuProgram
12:26:23: Unregistering ResourceManager for type Material
