12:17:00: Creating resource group General
12:17:00: Creating resource group Internal
12:17:00: Creating resource group Autodetect
12:17:00: SceneManagerFactory for type 'DefaultSceneManager' registered.
12:17:00: Registering ResourceManager for type Material
12:17:00: Registering ResourceManager for type Mesh
12:17:00: Registering ResourceManager for type Skeleton
12:17:00: MovableObjectFactory for type 'ParticleSystem' registered.
12:17:00: ArchiveFactory for archive type FileSystem registered.
12:17:00: ArchiveFactory for archive type Zip registered.
12:17:00: ArchiveFactory for archive type EmbeddedZip registered.
12:17:00: DDS codec registering
12:17:00: FreeImage version: 3.18.0
12:17:00: This program uses FreeImage, a free, open source image library supporting all common bitmap formats. See http://freeimage.sourceforge.net for details
12:17:00: Supported formats: bmp,ico,jpg,jif,jpeg,jpe,jng,koa,iff,lbm,mng,pbm,pbm,pcd,pcx,pgm,pgm,png,ppm,ppm,ras,tga,targa,tif,tiff,wap,wbmp,wbm,psd,psb,cut,xbm,xpm,gif,hdr,g3,sgi,rgb,rgba,bw,exr,j2k,j2c,jp2,pfm,pct,pict,pic,3fr,arw,bay,bmq,cap,cine,cr2,crw,cs1,dc2,dcr,drf,dsc,dng,erf,fff,ia,iiq,k25,kc2,kdc,mdc,mef,mos,mrw,nef,nrw,orf,pef,ptx,pxn,qtk,raf,raw,rdc,rw2,rwl,rwz,sr2,srf,srw,sti,x3f,webp,jxr,wdp,hdp
12:17:00: ETC codec registering
12:17:00: Registering ResourceManager for type HighLevelGpuProgram
12:17:00: Registering ResourceManager for type Compositor
12:17:00: MovableObjectFactory for type 'Entity' registered.
12:17:00: MovableObjectFactory for type 'Light' registered.
12:17:00: MovableObjectFactory for type 'BillboardSet' registered.
12:17:00: MovableObjectFactory for type 'ManualObject' registered.
12:17:00: MovableObjectFactory for type 'BillboardChain' registered.
12:17:00: MovableObjectFactory for type 'RibbonTrail' registered.
12:17:01: Loading library .\RenderSystem_GL_d
12:17:02: Installing plugin: GL RenderSystem
12:17:02: OpenGL Rendering Subsystem created.
12:17:04: Plugin successfully installed
12:17:04: Loading library .\RenderSystem_GL3Plus_d
12:17:04: Installing plugin: GL 3+ RenderSystem
12:17:04: OpenGL 3+ Rendering Subsystem (EXPERIMENTAL) created.
12:17:04: Plugin successfully installed
12:17:04: Loading library .\Plugin_ParticleFX_d
12:17:05: Installing plugin: ParticleFX
12:17:05: Particle Emitter Type 'Point' registered
12:17:05: Particle Emitter Type 'Box' registered
12:17:05: Particle Emitter Type 'Ellipsoid' registered
12:17:05: Particle Emitter Type 'Cylinder' registered
12:17:05: Particle Emitter Type 'Ring' registered
12:17:05: Particle Emitter Type 'HollowEllipsoid' registered
12:17:05: Particle Affector Type 'LinearForce' registered
12:17:05: Particle Affector Type 'ColourFader' registered
12:17:05: Particle Affector Type 'ColourFader2' registered
12:17:05: Particle Affector Type 'ColourImage' registered
12:17:05: Particle Affector Type 'ColourInterpolator' registered
12:17:05: Particle Affector Type 'Scaler' registered
12:17:05: Particle Affector Type 'Rotator' registered
12:17:05: Particle Affector Type 'DirectionRandomiser' registered
12:17:05: Particle Affector Type 'DeflectorPlane' registered
12:17:05: Plugin successfully installed
12:17:05: Loading library .\Plugin_BSPSceneManager_d
12:17:05: Installing plugin: BSP Scene Manager
12:17:05: Plugin successfully installed
12:17:05: Loading library .\Plugin_CgProgramManager_d
12:17:07: Installing plugin: Cg Program Manager
12:17:07: Plugin successfully installed
12:17:07: Loading library .\Plugin_PCZSceneManager_d
12:17:07: Installing plugin: Portal Connected Zone Scene Manager
12:17:07: PCZone Factory Type 'ZoneType_Default' registered
12:17:07: Plugin successfully installed
12:17:07: Loading library .\Plugin_OctreeZone_d
12:17:07: Installing plugin: Octree Zone Factory
12:17:07: Plugin successfully installed
12:17:07: Loading library .\Plugin_OctreeSceneManager_d
12:17:07: Installing plugin: Octree Scene Manager
12:17:07: Plugin successfully installed
12:17:07: *-*-* OGRE Initialising
12:17:07: *-*-* Version 1.9.0 (Ghadamon)
12:17:07: Creating resource group Essential
12:17:07: Added resource location '../../Media/thumbnails' of type 'FileSystem' to resource group 'Essential'
12:17:07: Added resource location '../../Media/packs/SdkTrays.zip' of type 'Zip' to resource group 'Essential'
12:17:07: Added resource location '../../Media/packs/profiler.zip' of type 'Zip' to resource group 'Essential'
12:17:07: Added resource location '../../Media' of type 'FileSystem' to resource group 'General'
12:17:07: Creating resource group Popular
12:17:08: Added resource location '../../Media/fonts' of type 'FileSystem' to resource group 'Popular'
12:17:08: Added resource location '../../Media/materials/programs' of type 'FileSystem' to resource group 'Popular'
12:17:08: Added resource location '../../Media/materials/scripts' of type 'FileSystem' to resource group 'Popular'
12:17:08: Added resource location '../../Media/materials/textures' of type 'FileSystem' to resource group 'Popular'
12:17:08: Added resource location '../../Media/materials/textures/nvidia' of type 'FileSystem' to resource group 'Popular'
12:17:08: Added resource location '../../Media/models' of type 'FileSystem' to resource group 'Popular'
12:17:08: Added resource location '../../Media/particle' of type 'FileSystem' to resource group 'Popular'
12:17:08: Added resource location '../../Media/DeferredShadingMedia' of type 'FileSystem' to resource group 'Popular'
12:17:08: Added resource location '../../Media/PCZAppMedia' of type 'FileSystem' to resource group 'Popular'
12:17:08: Added resource location '../../Media/RTShaderLib' of type 'FileSystem' to resource group 'Popular'
12:17:08: Added resource location '../../Media/RTShaderLib/materials' of type 'FileSystem' to resource group 'Popular'
12:17:08: Added resource location '../../Media/materials/scripts/SSAO' of type 'FileSystem' to resource group 'Popular'
12:17:08: Added resource location '../../Media/materials/textures/SSAO' of type 'FileSystem' to resource group 'Popular'
12:17:08: Added resource location '../../Media/volumeTerrain' of type 'FileSystem' to resource group 'Popular'
12:17:08: Added resource location '../../Media/packs/cubemap.zip' of type 'Zip' to resource group 'Popular'
12:17:08: Added resource location '../../Media/packs/cubemapsJS.zip' of type 'Zip' to resource group 'Popular'
12:17:08: Added resource location '../../Media/packs/dragon.zip' of type 'Zip' to resource group 'Popular'
12:17:08: Added resource location '../../Media/packs/fresneldemo.zip' of type 'Zip' to resource group 'Popular'
12:17:08: Added resource location '../../Media/packs/ogretestmap.zip' of type 'Zip' to resource group 'Popular'
12:17:08: Added resource location '../../Media/packs/ogredance.zip' of type 'Zip' to resource group 'Popular'
12:17:08: Added resource location '../../Media/packs/Sinbad.zip' of type 'Zip' to resource group 'Popular'
12:17:08: Added resource location '../../Media/packs/skybox.zip' of type 'Zip' to resource group 'Popular'
12:17:08: Added resource location '../../Media/volumeTerrain/volumeTerrainBig.zip' of type 'Zip' to resource group 'Popular'
12:17:08: Creating resource group Tests
12:17:08: Added resource location '../../Tests/Media' of type 'FileSystem' to resource group 'Tests'
12:17:08: OGRE EXCEPTION(6:FileNotFoundException): 'ogre.cfg' file not found! in ConfigFile::load at D:\Work\Source\OGRE\OgreMain\src\OgreConfigFile.cpp (line 82)
12:17:34: CPU Identifier & Features
12:17:34: -------------------------
12:17:34:  *   CPU ID: GenuineIntel: Intel(R) Core(TM) i7-4700HQ CPU @ 2.40GHz
12:17:34:  *      SSE: yes
12:17:34:  *     SSE2: yes
12:17:34:  *     SSE3: yes
12:17:34:  *      MMX: yes
12:17:34:  *   MMXEXT: yes
12:17:34:  *    3DNOW: no
12:17:34:  * 3DNOWEXT: no
12:17:34:  *     CMOV: yes
12:17:34:  *      TSC: yes
12:17:34:  *      FPU: yes
12:17:34:  *      PRO: yes
12:17:34:  *       HT: no
12:17:34: -------------------------
12:17:34: *** Starting Win32GL Subsystem ***
12:17:34: Registering ResourceManager for type Texture
12:17:34: GLRenderSystem::_createRenderWindow "TutorialApplication Render Window", 1024x768 fullscreen  miscParams: FSAA=0 FSAAHint= colourDepth=32 displayFrequency=60 gamma=false vsync=false vsyncInterval=1 
12:17:36: Created Win32Window 'TutorialApplication Render Window' : 1024x768, 32bpp
12:17:36: GL_VERSION = 4.3.0 - Build 10.18.15.4256
12:17:36: GL_VENDOR = Intel
12:17:36: GL_RENDERER = Intel(R) HD Graphics 4600
12:17:39: GL_EXTENSIONS = GL_EXT_blend_minmax GL_EXT_blend_subtract GL_EXT_blend_color GL_EXT_abgr GL_EXT_texture3D GL_EXT_clip_volume_hint GL_EXT_compiled_vertex_array GL_SGIS_texture_edge_clamp GL_SGIS_generate_mipmap GL_EXT_draw_range_elements GL_SGIS_texture_lod GL_EXT_rescale_normal GL_EXT_packed_pixels GL_EXT_texture_edge_clamp GL_EXT_separate_specular_color GL_ARB_multitexture GL_ARB_map_buffer_alignment GL_ARB_conservative_depth GL_EXT_texture_env_combine GL_EXT_bgra GL_EXT_blend_func_separate GL_EXT_secondary_color GL_EXT_fog_coord GL_EXT_texture_env_add GL_ARB_texture_cube_map GL_ARB_transpose_matrix GL_ARB_internalformat_query GL_ARB_internalformat_query2 GL_ARB_texture_env_add GL_IBM_texture_mirrored_repeat GL_ARB_texture_mirrored_repeat GL_EXT_multi_draw_arrays GL_SUN_multi_draw_arrays GL_NV_blend_square GL_ARB_texture_compression GL_3DFX_texture_compression_FXT1 GL_EXT_texture_filter_anisotropic GL_ARB_texture_border_clamp GL_ARB_point_parameters GL_ARB_texture_env_combine GL_ARB_texture_env_dot3 GL_ARB_texture_env_crossbar GL_EXT_texture_compression_s3tc GL_ARB_shadow GL_ARB_window_pos GL_EXT_shadow_funcs GL_EXT_stencil_wrap GL_ARB_vertex_program GL_EXT_texture_rectangle GL_ARB_fragment_program GL_EXT_stencil_two_side GL_ATI_separate_stencil GL_ARB_vertex_buffer_object GL_EXT_texture_lod_bias GL_ARB_occlusion_query GL_ARB_fragment_shader GL_ARB_shader_objects GL_ARB_shading_language_100 GL_ARB_texture_non_power_of_two GL_ARB_vertex_shader GL_NV_texgen_reflection GL_ARB_point_sprite GL_ARB_fragment_program_shadow GL_EXT_blend_equation_separate GL_ARB_depth_texture GL_ARB_texture_rectangle GL_ARB_draw_buffers GL_ARB_color_buffer_float GL_ARB_half_float_pixel GL_ARB_texture_float GL_ARB_pixel_buffer_object GL_EXT_framebuffer_object GL_ARB_draw_instanced GL_ARB_half_float_vertex GL_ARB_occlusion_query2 GL_EXT_draw_buffers2 GL_WIN_swap_hint GL_EXT_texture_sRGB GL_ARB_multisample GL_EXT_packed_float GL_EXT_texture_shared_exponent GL_ARB_texture_rg GL_ARB_texture_compression_rgtc GL_NV_conditional_render GL_ARB_texture_swizzle GL_EXT_texture_swizzle GL_ARB_texture_gather GL_ARB_sync GL_ARB_cl_event GL_ARB_framebuffer_sRGB GL_EXT_packed_depth_stencil GL_ARB_depth_buffer_float GL_EXT_transform_feedback GL_ARB_transform_feedback2 GL_ARB_draw_indirect GL_EXT_framebuffer_blit GL_EXT_framebuffer_multisample GL_ARB_framebuffer_object GL_ARB_framebuffer_no_attachments GL_EXT_texture_array GL_EXT_texture_integer GL_ARB_map_buffer_range GL_ARB_texture_buffer_range GL_EXT_texture_snorm GL_ARB_blend_func_extended GL_INTEL_performance_query GL_ARB_copy_buffer GL_ARB_sampler_objects GL_NV_primitive_restart GL_ARB_seamless_cube_map GL_ARB_seamless_cubemap_per_texture GL_ARB_uniform_buffer_object GL_ARB_depth_clamp GL_ARB_vertex_array_bgra GL_ARB_shader_bit_encoding GL_ARB_draw_buffers_blend GL_ARB_geometry_shader4 GL_EXT_geometry_shader4 GL_ARB_texture_query_lod GL_ARB_explicit_attrib_location GL_ARB_draw_elements_base_vertex GL_EXT_shader_integer_mix GL_ARB_instanced_arrays GL_ARB_base_instance GL_ARB_fragment_coord_conventions GL_EXT_gpu_program_parameters GL_ARB_texture_buffer_object_rgb32 GL_ARB_compatibility GL_ARB_texture_rgb10_a2ui GL_ARB_texture_multisample GL_ARB_vertex_type_2_10_10_10_rev GL_ARB_vertex_type_10f_11f_11f_rev GL_ARB_timer_query GL_ARB_tessellation_shader GL_ARB_vertex_array_object GL_ARB_provoking_vertex GL_ARB_sample_shading GL_ARB_texture_cube_map_array GL_EXT_gpu_shader4 GL_ARB_gpu_shader5 GL_ARB_gpu_shader_fp64 GL_INTEL_fragment_shader_ordering GL_EXT_clip_control GL_ARB_shader_subroutine GL_ARB_transform_feedback3 GL_ARB_get_program_binary GL_ARB_separate_shader_objects GL_ARB_shader_precision GL_ARB_vertex_attrib_64bit GL_ARB_viewport_array GL_ARB_transform_feedback_instanced GL_ARB_compressed_texture_pixel_storage GL_ARB_shader_atomic_counters GL_ARB_shading_language_packing GL_ARB_shader_image_load_store GL_ARB_shading_language_420pack GL_ARB_texture_storage GL_EXT_texture_storage GL_ARB_compute_shader GL_ARB_vertex_attrib_binding GL_ARB_texture_view GL_ARB_fragment_layer_viewport GL_ARB_multi_draw_indirect GL_ARB_program_interface_query GL_ARB_shader_image_size GL_ARB_shader_storage_buffer_object GL_ARB_texture_storage_multisample GL_ARB_buffer_storage GL_AMD_vertex_shader_layer GL_AMD_vertex_shader_viewport_index GL_ARB_query_buffer_object GL_EXT_polygon_offset_clamp GL_ARB_clear_texture GL_ARB_texture_mirror_clamp_to_edge GL_ARB_debug_output GL_ARB_enhanced_layouts GL_KHR_debug GL_ARB_arrays_of_arrays GL_ARB_texture_query_levels GL_ARB_invalidate_subdata GL_ARB_clear_buffer_object GL_INTEL_map_texture GL_ARB_texture_compression_bptc GL_ARB_ES2_compatibility GL_ARB_ES3_compatibility GL_ARB_robustness GL_ARB_robust_buffer_access_behavior GL_EXT_texture_sRGB_decode GL_ARB_copy_image GL_KHR_blend_equation_advanced GL_EXT_direct_state_access GL_ARB_stencil_texturing GL_ARB_texture_stencil8 GL_ARB_explicit_uniform_location GL_ARB_multi_bind GL_ARB_indirect_parameters 
12:17:39: Supported WGL extensions: WGL_EXT_depth_float WGL_ARB_buffer_region WGL_ARB_extensions_string WGL_ARB_make_current_read WGL_ARB_pixel_format WGL_ARB_pbuffer WGL_EXT_extensions_string WGL_EXT_swap_control WGL_EXT_swap_control_tear WGL_ARB_multisample WGL_ARB_pixel_format_float WGL_ARB_framebuffer_sRGB WGL_ARB_create_context WGL_ARB_create_context_profile WGL_EXT_pixel_format_packed_float WGL_EXT_create_context_es_profile WGL_EXT_create_context_es2_profile WGL_NV_DX_interop WGL_ARB_create_context_robustness 
12:17:39: ***************************
12:17:39: *** GL Renderer Started ***
12:17:39: ***************************
12:17:39: Registering ResourceManager for type GpuProgram
12:17:39: GLSL support detected
12:17:39: GL: Using GL_EXT_framebuffer_object for rendering to textures (best)
12:17:40: FBO PF_UNKNOWN depth/stencil support: D0S1 D0S4 D0S8 D0S16 D16S0 D16S1 D16S4 D16S8 D16S16 D24S0 D24S1 D24S4 D24S8 D24S16 D32S0 D32S1 D32S4 D32S8 D32S16 Packed-D24S8 
12:17:40: FBO PF_A8 depth/stencil support: D0S0 D0S1 D0S4 D0S8 D0S16 D16S0 D16S1 D16S4 D16S8 D16S16 D24S0 D24S1 D24S4 D24S8 D24S16 D32S0 D32S1 D32S4 D32S8 D32S16 Packed-D24S8 
12:17:40: FBO PF_R5G6B5 depth/stencil support: D0S0 D0S1 D0S4 D0S8 D0S16 D16S0 D16S1 D16S4 D16S8 D16S16 D24S0 D24S1 D24S4 D24S8 D24S16 D32S0 D32S1 D32S4 D32S8 D32S16 Packed-D24S8 
12:17:40: FBO PF_B5G6R5 depth/stencil support: D0S0 D0S1 D0S4 D0S8 D0S16 D16S0 D16S1 D16S4 D16S8 D16S16 D24S0 D24S1 D24S4 D24S8 D24S16 D32S0 D32S1 D32S4 D32S8 D32S16 Packed-D24S8 
12:17:40: FBO PF_A4R4G4B4 depth/stencil support: D0S0 D0S1 D0S4 D0S8 D0S16 D16S0 D16S1 D16S4 D16S8 D16S16 D24S0 D24S1 D24S4 D24S8 D24S16 D32S0 D32S1 D32S4 D32S8 D32S16 Packed-D24S8 
12:17:40: FBO PF_A1R5G5B5 depth/stencil support: D0S0 D0S1 D0S4 D0S8 D0S16 D16S0 D16S1 D16S4 D16S8 D16S16 D24S0 D24S1 D24S4 D24S8 D24S16 D32S0 D32S1 D32S4 D32S8 D32S16 Packed-D24S8 
12:17:40: FBO PF_R8G8B8 depth/stencil support: D0S0 D0S1 D0S4 D0S8 D0S16 D16S0 D16S1 D16S4 D16S8 D16S16 D24S0 D24S1 D24S4 D24S8 D24S16 D32S0 D32S1 D32S4 D32S8 D32S16 Packed-D24S8 
12:17:40: FBO PF_B8G8R8 depth/stencil support: D0S0 D0S1 D0S4 D0S8 D0S16 D16S0 D16S1 D16S4 D16S8 D16S16 D24S0 D24S1 D24S4 D24S8 D24S16 D32S0 D32S1 D32S4 D32S8 D32S16 Packed-D24S8 
12:17:40: FBO PF_A8R8G8B8 depth/stencil support: D0S0 D0S1 D0S4 D0S8 D0S16 D16S0 D16S1 D16S4 D16S8 D16S16 D24S0 D24S1 D24S4 D24S8 D24S16 D32S0 D32S1 D32S4 D32S8 D32S16 Packed-D24S8 
12:17:40: FBO PF_B8G8R8A8 depth/stencil support: D0S0 D0S1 D0S4 D0S8 D0S16 D16S0 D16S1 D16S4 D16S8 D16S16 D24S0 D24S1 D24S4 D24S8 D24S16 D32S0 D32S1 D32S4 D32S8 D32S16 Packed-D24S8 
12:17:40: FBO PF_A2R10G10B10 depth/stencil support: D0S0 D0S1 D0S4 D0S8 D0S16 D16S0 D16S1 D16S4 D16S8 D16S16 D24S0 D24S1 D24S4 D24S8 D24S16 D32S0 D32S1 D32S4 D32S8 D32S16 Packed-D24S8 
12:17:40: FBO PF_A2B10G10R10 depth/stencil support: D0S0 D0S1 D0S4 D0S8 D0S16 D16S0 D16S1 D16S4 D16S8 D16S16 D24S0 D24S1 D24S4 D24S8 D24S16 D32S0 D32S1 D32S4 D32S8 D32S16 Packed-D24S8 
12:17:40: FBO PF_FLOAT16_RGB depth/stencil support: D0S0 D0S1 D0S4 D0S8 D0S16 D16S0 D16S1 D16S4 D16S8 D16S16 D24S0 D24S1 D24S4 D24S8 D24S16 D32S0 D32S1 D32S4 D32S8 D32S16 Packed-D24S8 
12:17:41: FBO PF_FLOAT16_RGBA depth/stencil support: D0S0 D0S1 D0S4 D0S8 D0S16 D16S0 D16S1 D16S4 D16S8 D16S16 D24S0 D24S1 D24S4 D24S8 D24S16 D32S0 D32S1 D32S4 D32S8 D32S16 Packed-D24S8 
12:17:41: FBO PF_FLOAT32_RGB depth/stencil support: D0S0 D0S1 D0S4 D0S8 D0S16 D16S0 D16S1 D16S4 D16S8 D16S16 D24S0 D24S1 D24S4 D24S8 D24S16 D32S0 D32S1 D32S4 D32S8 D32S16 Packed-D24S8 
12:17:41: FBO PF_FLOAT32_RGBA depth/stencil support: D0S0 D0S1 D0S4 D0S8 D0S16 D16S0 D16S1 D16S4 D16S8 D16S16 D24S0 D24S1 D24S4 D24S8 D24S16 D32S0 D32S1 D32S4 D32S8 D32S16 Packed-D24S8 
12:17:41: FBO PF_X8R8G8B8 depth/stencil support: D0S0 D0S1 D0S4 D0S8 D0S16 D16S0 D16S1 D16S4 D16S8 D16S16 D24S0 D24S1 D24S4 D24S8 D24S16 D32S0 D32S1 D32S4 D32S8 D32S16 Packed-D24S8 
12:17:41: FBO PF_X8B8G8R8 depth/stencil support: D0S0 D0S1 D0S4 D0S8 D0S16 D16S0 D16S1 D16S4 D16S8 D16S16 D24S0 D24S1 D24S4 D24S8 D24S16 D32S0 D32S1 D32S4 D32S8 D32S16 Packed-D24S8 
12:17:41: FBO PF_SHORT_RGBA depth/stencil support: D0S0 D0S1 D0S4 D0S8 D0S16 D16S0 D16S1 D16S4 D16S8 D16S16 D24S0 D24S1 D24S4 D24S8 D24S16 D32S0 D32S1 D32S4 D32S8 D32S16 Packed-D24S8 
12:17:41: FBO PF_R3G3B2 depth/stencil support: D0S0 D0S1 D0S4 D0S8 D0S16 D16S0 D16S1 D16S4 D16S8 D16S16 D24S0 D24S1 D24S4 D24S8 D24S16 D32S0 D32S1 D32S4 D32S8 D32S16 Packed-D24S8 
12:17:41: FBO PF_SHORT_RGB depth/stencil support: D0S0 D0S1 D0S4 D0S8 D0S16 D16S0 D16S1 D16S4 D16S8 D16S16 D24S0 D24S1 D24S4 D24S8 D24S16 D32S0 D32S1 D32S4 D32S8 D32S16 Packed-D24S8 
12:17:41: [GL] : Valid FBO targets PF_UNKNOWN PF_A8 PF_R5G6B5 PF_B5G6R5 PF_A4R4G4B4 PF_A1R5G5B5 PF_R8G8B8 PF_B8G8R8 PF_A8R8G8B8 PF_B8G8R8A8 PF_A2R10G10B10 PF_A2B10G10R10 PF_FLOAT16_RGB PF_FLOAT16_RGBA PF_FLOAT32_RGB PF_FLOAT32_RGBA PF_X8R8G8B8 PF_X8B8G8R8 PF_SHORT_RGBA PF_R3G3B2 PF_SHORT_RGB 
12:17:41: RenderSystem capabilities
12:17:41: -------------------------
12:17:41: RenderSystem Name: OpenGL Rendering Subsystem
12:17:41: GPU Vendor: intel
12:17:41: Device Name: Intel(R) HD Graphics 4600
12:17:41: Driver Version: 4.3.0.0
12:17:41:  * Fixed function pipeline: yes
12:17:41:  * Hardware generation of mipmaps: no
12:17:41:  * Texture blending: yes
12:17:41:  * Anisotropic texture filtering: yes
12:17:41:  * Dot product texture operation: yes
12:17:41:  * Cube mapping: yes
12:17:41:  * Hardware stencil buffer: yes
12:17:41:    - Stencil depth: 8
12:17:41:    - Two sided stencil support: yes
12:17:41:    - Wrap stencil values: yes
12:17:41:  * Hardware vertex / index buffers: yes
12:17:41:  * 32-bit index buffers: yes
12:17:41:  * Vertex programs: yes
12:17:41:  * Number of floating-point constants for vertex programs: 256
12:17:41:  * Number of integer constants for vertex programs: 0
12:17:41:  * Number of boolean constants for vertex programs: 0
12:17:41:  * Fragment programs: yes
12:17:41:  * Number of floating-point constants for fragment programs: 256
12:17:41:  * Number of integer constants for fragment programs: 0
12:17:41:  * Number of boolean constants for fragment programs: 0
12:17:41:  * Geometry programs: yes
12:17:41:  * Number of floating-point constants for geometry programs: 4096
12:17:41:  * Number of integer constants for geometry programs: 0
12:17:41:  * Number of boolean constants for geometry programs: 0
12:17:41:  * Tesselation Hull programs: no
12:17:41:  * Number of floating-point constants for tesselation hull programs: 0
12:17:41:  * Number of integer constants for tesselation hull programs: 0
12:17:41:  * Number of boolean constants for tesselation hull programs: 0
12:17:41:  * Tesselation Domain programs: no
12:17:41:  * Number of floating-point constants for tesselation domain programs: 0
12:17:41:  * Number of integer constants for tesselation domain programs: 0
12:17:41:  * Number of boolean constants for tesselation domain programs: 0
12:17:41:  * Compute programs: no
12:17:41:  * Number of floating-point constants for compute programs: 0
12:17:41:  * Number of integer constants for compute programs: 0
12:17:41:  * Number of boolean constants for compute programs: 0
12:17:41:  * Supported Shader Profiles: arbfp1 arbvp1 glsl glsl100 glsl110 glsl120 gp4gp gpu_gp nvgp4
12:17:41:  * Texture Compression: yes
12:17:41:    - DXT: yes
12:17:41:    - VTC: no
12:17:41:    - PVRTC: no
12:17:41:    - ATC: no
12:17:41:    - ETC1: no
12:17:41:    - ETC2: no
12:17:41:    - BC4/BC5: no
12:17:41:    - BC6H/BC7: no
12:17:41:  * Scissor Rectangle: yes
12:17:41:  * Hardware Occlusion Query: yes
12:17:41:  * User clip planes: yes
12:17:41:  * VET_UBYTE4 vertex element type: yes
12:17:41:  * Infinite far plane projection: yes
12:17:41:  * Hardware render-to-texture: yes
12:17:41:  * Floating point textures: yes
12:17:41:  * Non-power-of-two textures: yes
12:17:41:  * 1d textures: yes
12:17:41:  * Volume textures: yes
12:17:41:  * Multiple Render Targets: 8
12:17:41:    - With different bit depths: yes
12:17:41:  * Point Sprites: yes
12:17:41:  * Extended point parameters: yes
12:17:41:  * Max Point Size: 255
12:17:41:  * Vertex texture fetch: yes
12:17:41:  * Number of world matrices: 0
12:17:41:  * Number of texture units: 16
12:17:41:  * Stencil buffer depth: 8
12:17:41:  * Number of vertex blend matrices: 0
12:17:41:    - Max vertex textures: 32
12:17:41:    - Vertex textures shared: yes
12:17:41:  * Render to Vertex Buffer : no
12:17:41:  * Hardware Atomic Counters: no
12:17:41:  * GL 1.5 without VBO workaround: no
12:17:41:  * Frame Buffer objects: yes
12:17:41:  * Frame Buffer objects (ARB extension): no
12:17:41:  * Frame Buffer objects (ATI extension): no
12:17:41:  * PBuffer support: yes
12:17:42:  * GL 1.5 without HW-occlusion workaround: no
12:17:42:  * Vertex Array Objects: no
12:17:42:  * Separate shader objects: no
12:17:42: DefaultWorkQueue('Root') initialising on thread 22b4.
12:17:42: DefaultWorkQueue('Root')::WorkerFunc - thread 301c starting.
12:17:42: DefaultWorkQueue('Root')::WorkerFunc - thread 3018 starting.
12:17:42: DefaultWorkQueue('Root')::WorkerFunc - thread 3028 starting.
12:17:42: DefaultWorkQueue('Root')::WorkerFunc - thread 302c starting.
12:17:42: DefaultWorkQueue('Root')::WorkerFunc - thread 3014 starting.
12:17:42: DefaultWorkQueue('Root')::WorkerFunc - thread 3020 starting.
12:17:42: Particle Renderer Type 'billboard' registered
12:17:42: DefaultWorkQueue('Root')::WorkerFunc - thread 3024 starting.
12:17:42: DefaultWorkQueue('Root')::WorkerFunc - thread 3010 starting.
12:17:42: SceneManagerFactory for type 'BspSceneManager' registered.
12:17:42: Registering ResourceManager for type BspLevel
12:17:42: SceneManagerFactory for type 'PCZSceneManager' registered.
12:17:42: MovableObjectFactory for type 'PCZLight' registered.
12:17:42: MovableObjectFactory for type 'Portal' registered.
12:17:42: MovableObjectFactory for type 'AntiPortal' registered.
12:17:42: PCZone Factory Type 'ZoneType_Octree' registered
12:17:42: SceneManagerFactory for type 'OctreeSceneManager' registered.
12:17:42: OverlayElementFactory for type Panel registered.
12:17:42: OverlayElementFactory for type BorderPanel registered.
12:17:42: OverlayElementFactory for type TextArea registered.
12:17:42: Registering ResourceManager for type Font
12:17:42: Parsing scripts for resource group Autodetect
12:17:42: Finished parsing scripts for resource group Autodetect
12:17:42: Creating resources for group Autodetect
12:17:42: All done
12:17:42: Parsing scripts for resource group Essential
12:17:42: Parsing script SdkTrays.material
12:17:42: Parsing script OgreProfiler.material
12:17:42: Parsing script SdkTrays.fontdef
12:17:42: Parsing script SdkTrays.overlay
12:17:42: Texture: sdk_cursor.png: Loading 1 faces(PF_A8R8G8B8,32x32x1) with 5 generated mipmaps from Image. Internal format is PF_A8R8G8B8,32x32x1.
12:17:42: Texture: sdk_tray.png: Loading 1 faces(PF_A8R8G8B8,64x64x1) with 5 generated mipmaps from Image. Internal format is PF_A8R8G8B8,64x64x1.
12:17:42: Texture: sdk_button_up.png: Loading 1 faces(PF_A8R8G8B8,128x32x1) with 5 generated mipmaps from Image. Internal format is PF_A8R8G8B8,128x32x1.
12:17:42: Texture: sdk_text_box.png: Loading 1 faces(PF_A8R8G8B8,32x32x1) with 5 generated mipmaps from Image. Internal format is PF_A8R8G8B8,32x32x1.
12:17:42: Texture: sdk_mini_tray.png: Loading 1 faces(PF_A8R8G8B8,32x32x1) with 5 generated mipmaps from Image. Internal format is PF_A8R8G8B8,32x32x1.
12:17:42: Texture: sdk_track.png: Loading 1 faces(PF_A8R8G8B8,16x32x1) with 5 generated mipmaps from Image. Internal format is PF_A8R8G8B8,16x32x1.
12:17:43: Texture: sdk_handle.png: Loading 1 faces(PF_A8R8G8B8,16x16x1) with 4 generated mipmaps from Image. Internal format is PF_A8R8G8B8,16x16x1.
12:17:43: Texture: sdk_mini_text_box.png: Loading 1 faces(PF_A8R8G8B8,32x32x1) with 5 generated mipmaps from Image. Internal format is PF_A8R8G8B8,32x32x1.
12:17:43: Texture: sdk_label.png: Loading 1 faces(PF_A8R8G8B8,32x32x1) with 5 generated mipmaps from Image. Internal format is PF_A8R8G8B8,32x32x1.
12:17:43: Texture: sdk_separator.png: Loading 1 faces(PF_A8R8G8B8,64x16x1) with 5 generated mipmaps from Image. Internal format is PF_A8R8G8B8,64x16x1.
12:17:43: Texture: sdk_logo.png: Loading 1 faces(PF_A8R8G8B8,128x64x1) with 5 generated mipmaps from Image. Internal format is PF_A8R8G8B8,128x64x1.
12:17:43: Texture: sdk_shade.png: Loading 1 faces(PF_A8R8G8B8,64x48x1) with 5 generated mipmaps from Image. Internal format is PF_A8R8G8B8,64x48x1.
12:17:43: Texture: sdk_frame.png: Loading 1 faces(PF_A8R8G8B8,32x32x1) with 5 generated mipmaps from Image. Internal format is PF_A8R8G8B8,32x32x1.
12:17:43: Texture: sdk_mini_text_box_over.png: Loading 1 faces(PF_A8R8G8B8,32x32x1) with 5 generated mipmaps from Image. Internal format is PF_A8R8G8B8,32x32x1.
12:17:43: Texture: sdk_pulse.png: Loading 1 faces(PF_R8G8B8,8x1x1) with 3 generated mipmaps from Image. Internal format is PF_X8R8G8B8,8x1x1.
12:17:43: Finished parsing scripts for resource group Essential
12:17:43: Creating resources for group Essential
12:17:43: All done
12:17:43: Parsing scripts for resource group General
12:17:43: Finished parsing scripts for resource group General
12:17:43: Creating resources for group General
12:17:43: All done
12:17:43: Parsing scripts for resource group Internal
12:17:43: Finished parsing scripts for resource group Internal
12:17:43: Creating resources for group Internal
12:17:43: All done
12:17:43: Parsing scripts for resource group Popular
12:17:43: Parsing script DualQuaternion.program
12:17:44: OGRE EXCEPTION(6:FileNotFoundException): Cannot locate resource DualQuaternion.cg in resource group Popular or any other group. in ResourceGroupManager::openResource at D:\Work\Source\OGRE\OgreMain\src\OgreResourceGroupManager.cpp (line 756)
12:17:44: High-level program Ogre/DualQuaternionHardwareSkinningTwoWeightsCg encountered an error during loading and is thus not supported.
OGRE EXCEPTION(6:FileNotFoundException): Cannot locate resource DualQuaternion.cg in resource group Popular or any other group. in ResourceGroupManager::openResource at D:\Work\Source\OGRE\OgreMain\src\OgreResourceGroupManager.cpp (line 756)
12:17:44: OGRE EXCEPTION(2:InvalidParametersException): Named constants have not been initialised, perhaps a compile error. in GpuProgramParameters::_findNamedConstantDefinition at D:\Work\Source\OGRE\OgreMain\src\OgreGpuProgramParams.cpp (line 1709)
12:17:44: Compiler error: invalid parameters in DualQuaternion.program(14): setting of constant failed
12:17:44: OGRE EXCEPTION(6:FileNotFoundException): Cannot locate resource DualQuaternion.cg in resource group Popular or any other group. in ResourceGroupManager::openResource at D:\Work\Source\OGRE\OgreMain\src\OgreResourceGroupManager.cpp (line 756)
12:17:44: High-level program Ogre/DualQuaternionHardwareSkinningTwoWeightsTwoPhaseCg encountered an error during loading and is thus not supported.
OGRE EXCEPTION(6:FileNotFoundException): Cannot locate resource DualQuaternion.cg in resource group Popular or any other group. in ResourceGroupManager::openResource at D:\Work\Source\OGRE\OgreMain\src\OgreResourceGroupManager.cpp (line 756)
12:17:44: OGRE EXCEPTION(2:InvalidParametersException): Named constants have not been initialised, perhaps a compile error. in GpuProgramParameters::_findNamedConstantDefinition at D:\Work\Source\OGRE\OgreMain\src\OgreGpuProgramParams.cpp (line 1709)
12:17:44: Compiler error: invalid parameters in DualQuaternion.program(28): setting of constant failed
12:17:44: OGRE EXCEPTION(6:FileNotFoundException): Cannot locate resource DualQuaternion_Common.glsl in resource group Popular or any other group. in ResourceGroupManager::openResource at D:\Work\Source\OGRE\OgreMain\src\OgreResourceGroupManager.cpp (line 756)
